[21:53:22] [Server thread/INFO]: Starting minecraft server version 1.15.2
[21:53:22] [Server thread/INFO]: Loading properties
[21:53:23] [Server thread/INFO]: This server is running CraftBukkit version git-Spigot-800b93f-8160e29 (MC: 1.15.2) (Implementing API version 1.15.2-R0.1-SNAPSHOT)
[21:53:23] [Server thread/INFO]: Debug logging is disabled
[21:53:23] [Server thread/INFO]: Using 4 threads for Netty based IO
[21:53:23] [Server thread/INFO]: Server Ping Player Sample Count: 12
[21:53:23] [Server thread/INFO]: Default game type: SURVIVAL
[21:53:23] [Server thread/INFO]: Generating keypair
[21:53:23] [Server thread/INFO]: Starting Minecraft server on *:25565
[21:53:23] [Server thread/INFO]: Using epoll channel type
[21:53:29] [Server thread/WARN]: Plugin dynmap v3.0-beta-10-257 does not specify an api-version.
[21:53:29] [Server thread/INFO]: [dynmap] Loading dynmap v3.0-beta-10-257
[21:53:29] [Server thread/INFO]: [dynmap] version=git-Spigot-800b93f-8160e29 (MC: 1.15.2)
[21:53:30] [Server thread/INFO]: [dynmap] Unload queue not found - default to unload all chunks
[21:53:30] [Server thread/INFO]: [dynmap] inhabitedTicks field not found - inhabited shader not functional
[21:53:30] [Server thread/INFO]: [dynmap] Mod Support API available
[21:53:30] [Server thread/WARN]: **** SERVER IS RUNNING IN OFFLINE/INSECURE MODE!
[21:53:30] [Server thread/WARN]: The server will make no attempt to authenticate usernames. Beware.
[21:53:30] [Server thread/WARN]: While this makes the game possible to play without internet access, it also opens up the ability for hackers to connect with any username they choose.
[21:53:30] [Server thread/WARN]: To change this, set "online-mode" to "true" in the server.properties file.
[21:53:30] [Server thread/INFO]: Preparing level "world"
[21:53:30] [Server thread/INFO]: Reloading ResourceManager: Default, bukkit
[21:54:06] [Server thread/INFO]: Loaded 6 recipes
[21:54:07] [Server thread/INFO]: -------- World Settings For [world] --------
[21:54:07] [Server thread/INFO]: Experience Merge Radius: 3.0
[21:54:07] [Server thread/INFO]: Mob Spawn Range: 6
[21:54:07] [Server thread/INFO]: Cactus Growth Modifier: 100%
[21:54:07] [Server thread/INFO]: Cane Growth Modifier: 100%
[21:54:07] [Server thread/INFO]: Melon Growth Modifier: 100%
[21:54:07] [Server thread/INFO]: Mushroom Growth Modifier: 100%
[21:54:07] [Server thread/INFO]: Pumpkin Growth Modifier: 100%
[21:54:07] [Server thread/INFO]: Sapling Growth Modifier: 100%
[21:54:07] [Server thread/INFO]: Beetroot Growth Modifier: 100%
[21:54:07] [Server thread/INFO]: Carrot Growth Modifier: 100%
[21:54:07] [Server thread/INFO]: Potato Growth Modifier: 100%
[21:54:07] [Server thread/INFO]: Wheat Growth Modifier: 100%
[21:54:07] [Server thread/INFO]: NetherWart Growth Modifier: 100%
[21:54:07] [Server thread/INFO]: Vine Growth Modifier: 100%
[21:54:07] [Server thread/INFO]: Cocoa Growth Modifier: 100%
[21:54:07] [Server thread/INFO]: Bamboo Growth Modifier: 100%
[21:54:07] [Server thread/INFO]: SweetBerry Growth Modifier: 100%
[21:54:07] [Server thread/INFO]: Kelp Growth Modifier: 100%
[21:54:07] [Server thread/INFO]: Entity Activation Range: An 32 / Mo 32 / Ra 48 / Mi 16 / Tiv true
[21:54:07] [Server thread/INFO]: Entity Tracking Range: Pl 48 / An 48 / Mo 48 / Mi 32 / Other 64
[21:54:07] [Server thread/INFO]: Hopper Transfer: 8 Hopper Check: 1 Hopper Amount: 1
[21:54:07] [Server thread/INFO]: Custom Map Seeds:  Village: 10387312 Desert: 14357617 Igloo: 14357618 Jungle: 14357619 Swamp: 14357620 Monument: 10387313Ocean: 14357621 Shipwreck: 165745295 Slime: 987234911
[21:54:07] [Server thread/INFO]: Max TNT Explosions: 100
[21:54:07] [Server thread/INFO]: Tile Max Tick Time: 50ms Entity max Tick Time: 50ms
[21:54:07] [Server thread/INFO]: View Distance: 10
[21:54:07] [Server thread/INFO]: Nerfing mobs spawned from spawners: false
[21:54:07] [Server thread/INFO]: Allow Zombie Pigmen to spawn from portal blocks: true
[21:54:07] [Server thread/INFO]: Item Despawn Rate: 6000
[21:54:07] [Server thread/INFO]: Item Merge Radius: 2.5
[21:54:07] [Server thread/INFO]: Arrow Despawn Rate: 1200 Trident Respawn Rate:1200
[21:54:07] [Server thread/INFO]: Zombie Aggressive Towards Villager: true
[21:54:07] [Server thread/INFO]: -------- World Settings For [world_nether] --------
[21:54:07] [Server thread/INFO]: Experience Merge Radius: 3.0
[21:54:07] [Server thread/INFO]: Mob Spawn Range: 6
[21:54:07] [Server thread/INFO]: Cactus Growth Modifier: 100%
[21:54:07] [Server thread/INFO]: Cane Growth Modifier: 100%
[21:54:07] [Server thread/INFO]: Melon Growth Modifier: 100%
[21:54:07] [Server thread/INFO]: Mushroom Growth Modifier: 100%
[21:54:07] [Server thread/INFO]: Pumpkin Growth Modifier: 100%
[21:54:07] [Server thread/INFO]: Sapling Growth Modifier: 100%
[21:54:07] [Server thread/INFO]: Beetroot Growth Modifier: 100%
[21:54:07] [Server thread/INFO]: Carrot Growth Modifier: 100%
[21:54:07] [Server thread/INFO]: Potato Growth Modifier: 100%
[21:54:07] [Server thread/INFO]: Wheat Growth Modifier: 100%
[21:54:07] [Server thread/INFO]: NetherWart Growth Modifier: 100%
[21:54:07] [Server thread/INFO]: Vine Growth Modifier: 100%
[21:54:07] [Server thread/INFO]: Cocoa Growth Modifier: 100%
[21:54:07] [Server thread/INFO]: Bamboo Growth Modifier: 100%
[21:54:07] [Server thread/INFO]: SweetBerry Growth Modifier: 100%
[21:54:07] [Server thread/INFO]: Kelp Growth Modifier: 100%
[21:54:07] [Server thread/INFO]: Entity Activation Range: An 32 / Mo 32 / Ra 48 / Mi 16 / Tiv true
[21:54:07] [Server thread/INFO]: Entity Tracking Range: Pl 48 / An 48 / Mo 48 / Mi 32 / Other 64
[21:54:07] [Server thread/INFO]: Hopper Transfer: 8 Hopper Check: 1 Hopper Amount: 1
[21:54:07] [Server thread/INFO]: Custom Map Seeds:  Village: 10387312 Desert: 14357617 Igloo: 14357618 Jungle: 14357619 Swamp: 14357620 Monument: 10387313Ocean: 14357621 Shipwreck: 165745295 Slime: 987234911
[21:54:07] [Server thread/INFO]: Max TNT Explosions: 100
[21:54:07] [Server thread/INFO]: Tile Max Tick Time: 50ms Entity max Tick Time: 50ms
[21:54:07] [Server thread/INFO]: View Distance: 10
[21:54:07] [Server thread/INFO]: Nerfing mobs spawned from spawners: false
[21:54:07] [Server thread/INFO]: Allow Zombie Pigmen to spawn from portal blocks: true
[21:54:07] [Server thread/INFO]: Item Despawn Rate: 6000
[21:54:07] [Server thread/INFO]: Item Merge Radius: 2.5
[21:54:07] [Server thread/INFO]: Arrow Despawn Rate: 1200 Trident Respawn Rate:1200
[21:54:07] [Server thread/INFO]: Zombie Aggressive Towards Villager: true
[21:54:07] [Server thread/INFO]: -------- World Settings For [world_the_end] --------
[21:54:07] [Server thread/INFO]: Experience Merge Radius: 3.0
[21:54:07] [Server thread/INFO]: Mob Spawn Range: 6
[21:54:07] [Server thread/INFO]: Cactus Growth Modifier: 100%
[21:54:07] [Server thread/INFO]: Cane Growth Modifier: 100%
[21:54:07] [Server thread/INFO]: Melon Growth Modifier: 100%
[21:54:07] [Server thread/INFO]: Mushroom Growth Modifier: 100%
[21:54:07] [Server thread/INFO]: Pumpkin Growth Modifier: 100%
[21:54:07] [Server thread/INFO]: Sapling Growth Modifier: 100%
[21:54:07] [Server thread/INFO]: Beetroot Growth Modifier: 100%
[21:54:07] [Server thread/INFO]: Carrot Growth Modifier: 100%
[21:54:07] [Server thread/INFO]: Potato Growth Modifier: 100%
[21:54:07] [Server thread/INFO]: Wheat Growth Modifier: 100%
[21:54:07] [Server thread/INFO]: NetherWart Growth Modifier: 100%
[21:54:07] [Server thread/INFO]: Vine Growth Modifier: 100%
[21:54:07] [Server thread/INFO]: Cocoa Growth Modifier: 100%
[21:54:07] [Server thread/INFO]: Bamboo Growth Modifier: 100%
[21:54:07] [Server thread/INFO]: SweetBerry Growth Modifier: 100%
[21:54:07] [Server thread/INFO]: Kelp Growth Modifier: 100%
[21:54:07] [Server thread/INFO]: Entity Activation Range: An 32 / Mo 32 / Ra 48 / Mi 16 / Tiv true
[21:54:07] [Server thread/INFO]: Entity Tracking Range: Pl 48 / An 48 / Mo 48 / Mi 32 / Other 64
[21:54:07] [Server thread/INFO]: Hopper Transfer: 8 Hopper Check: 1 Hopper Amount: 1
[21:54:07] [Server thread/INFO]: Custom Map Seeds:  Village: 10387312 Desert: 14357617 Igloo: 14357618 Jungle: 14357619 Swamp: 14357620 Monument: 10387313Ocean: 14357621 Shipwreck: 165745295 Slime: 987234911
[21:54:07] [Server thread/INFO]: Max TNT Explosions: 100
[21:54:07] [Server thread/INFO]: Tile Max Tick Time: 50ms Entity max Tick Time: 50ms
[21:54:07] [Server thread/INFO]: View Distance: 10
[21:54:07] [Server thread/INFO]: Nerfing mobs spawned from spawners: false
[21:54:07] [Server thread/INFO]: Allow Zombie Pigmen to spawn from portal blocks: true
[21:54:07] [Server thread/INFO]: Item Despawn Rate: 6000
[21:54:07] [Server thread/INFO]: Item Merge Radius: 2.5
[21:54:07] [Server thread/INFO]: Arrow Despawn Rate: 1200 Trident Respawn Rate:1200
[21:54:07] [Server thread/INFO]: Zombie Aggressive Towards Villager: true
[21:54:07] [Server thread/INFO]: Preparing start region for dimension 'world'/minecraft:overworld
[21:54:09] [Server thread/INFO]: Preparing spawn area: 0%
[21:54:09] [Server thread/INFO]: Preparing spawn area: 0%
[21:54:09] [Server thread/INFO]: Preparing spawn area: 0%
[21:54:09] [Server thread/INFO]: Preparing spawn area: 0%
[21:54:09] [Server thread/INFO]: Preparing spawn area: 5%
[21:54:12] [Server-Worker-1/INFO]: Preparing spawn area: 51%
[21:54:12] [Server-Worker-1/INFO]: Preparing spawn area: 51%
[21:54:12] [Server-Worker-1/INFO]: Preparing spawn area: 51%
[21:54:12] [Server-Worker-1/INFO]: Preparing spawn area: 51%
[21:54:12] [Server-Worker-1/INFO]: Preparing spawn area: 51%
[21:54:12] [Server-Worker-1/INFO]: Preparing spawn area: 87%
[21:54:13] [Server-Worker-1/INFO]: Preparing spawn area: 87%
[21:54:13] [Server-Worker-1/INFO]: Preparing spawn area: 87%
[21:54:14] [Server-Worker-1/INFO]: Preparing spawn area: 87%
[21:54:14] [Server thread/INFO]: Preparing spawn area: 88%
[21:54:15] [Server-Worker-1/INFO]: Preparing spawn area: 91%
[21:54:15] [Server thread/INFO]: Preparing spawn area: 93%
[21:54:16] [Server thread/INFO]: Preparing spawn area: 95%
[21:54:16] [Server-Worker-1/INFO]: Preparing spawn area: 97%
[21:54:17] [Server thread/INFO]: Time elapsed: 9434 ms
[21:54:17] [Server thread/INFO]: Preparing start region for dimension 'world_nether'/minecraft:the_nether
[21:54:17] [Server thread/INFO]: Preparing spawn area: 0%
[21:54:17] [Server thread/INFO]: Preparing spawn area: 0%
[21:54:18] [Server-Worker-1/INFO]: Preparing spawn area: 83%
[21:54:18] [Server-Worker-1/INFO]: Preparing spawn area: 83%
[21:54:19] [Server-Worker-1/INFO]: Preparing spawn area: 83%
[21:54:19] [Server-Worker-1/INFO]: Preparing spawn area: 83%
[21:54:20] [Server-Worker-1/INFO]: Preparing spawn area: 83%
[21:54:20] [Server thread/INFO]: Preparing spawn area: 94%
[21:54:20] [Server thread/INFO]: Time elapsed: 3716 ms
[21:54:20] [Server thread/INFO]: Preparing start region for dimension 'world_the_end'/minecraft:the_end
[21:54:21] [Server thread/INFO]: Preparing spawn area: 0%
[21:54:21] [Server thread/INFO]: Preparing spawn area: 0%
[21:54:21] [Server-Worker-1/INFO]: Preparing spawn area: 83%
[21:54:22] [Server-Worker-1/INFO]: Preparing spawn area: 94%
[21:54:22] [Server thread/INFO]: Time elapsed: 1569 ms
[21:54:22] [Server thread/INFO]: [dynmap] Enabling dynmap v3.0-beta-10-257
[21:54:22] [Server thread/INFO]: [dynmap] Using Bukkit Permissions (superperms) for access control
[21:54:22] [Server thread/INFO]: [dynmap] Web interface permissions only available for online users
[21:54:22] [Server thread/INFO]: [dynmap] Mod Support processing completed
[21:54:23] [Server thread/INFO]: [dynmap] Loaded 25 shaders.
[21:54:23] [Server thread/INFO]: [dynmap] Loaded 82 perspectives.
[21:54:23] [Server thread/INFO]: [dynmap] Loaded 14 lightings.
[21:54:24] [Server thread/INFO]: [dynmap] Web server started on address 0.0.0.0:8123
[21:54:24] [Server thread/INFO]: [dynmap] version 3.0-beta-10-257 is enabled - core version 3.0-beta-10-257
[21:54:24] [Server thread/INFO]: [dynmap] For support, visit https://forums.dynmap.us
[21:54:24] [Server thread/INFO]: [dynmap] To report or track bugs, visit https://github.com/webbukkit/dynmap/issues
[21:54:24] [Server thread/INFO]: [dynmap] Loaded 3 maps of world 'world'.
[21:54:24] [Server thread/INFO]: [dynmap] Loaded 23 pending tile renders for world 'world'
[21:54:24] [Server thread/INFO]: [dynmap] Loaded 2 maps of world 'world_nether'.
[21:54:24] [Server thread/INFO]: [dynmap] Loaded 2 maps of world 'world_the_end'.
[21:54:24] [Server thread/INFO]: [dynmap] Enabled
[21:54:24] [Server thread/INFO]: Server permissions file permissions.yml is empty, ignoring it
[21:54:24] [Server thread/INFO]: Done (53.939s)! For help, type "help"
[21:54:24] [Server thread/INFO]: Starting GS4 status listener
[21:54:24] [Server thread/INFO]: Starting remote control listener
[21:54:24] [Query Listener #1/INFO]: Query running on 0.0.0.0:25565
[21:54:24] [RCON Listener #2/INFO]: RCON running on 0.0.0.0:25562
[21:54:24] [Dynmap Render Thread/INFO]: [dynmap] Loading default resource pack
[21:55:54] [User Authenticator #1/INFO]: UUID of player Yobna is 3ba9a628-52cc-3803-982f-6376f0036277
[21:55:55] [Server thread/INFO]: Yobna[/0:0:0:0:0:0:0:1%0:35634] logged in with entity id 72 at ([world]111.12233271181549, 72.0, -132.10954390269166)
[22:02:09] [Server thread/INFO]: Yobna lost connection: Disconnected
[22:02:09] [Server thread/INFO]: Yobna left the game
[22:02:14] [Thread-2/INFO]: Stopping server
[22:02:14] [Thread-2/INFO]: [dynmap] Disabling dynmap v3.0-beta-10-257
